<?xml version="1.0" encoding="UTF-8"?>
<!-- Generated by org.testng.reporters.JUnitXMLReporter -->
<testsuite ignored="0" hostname="pdc2-l-f1pbb54" failures="2" tests="3" name="Submit Order Test" time="29.63" errors="0" timestamp="2024-12-23T20:19:26 IST">
  <testcase classname="PragyaLearnings.Tests.SubmitOrderTest2" name="SubmitOrder" time="3.09">
    <failure type="java.lang.AssertionError" message="expected [true] but found [false]">
      <![CDATA[java.lang.AssertionError: expected [true] but found [false]
at PragyaLearnings.Tests.SubmitOrderTest2.SubmitOrder(SubmitOrderTest2.java:46)
at java.base/java.util.ArrayList.forEach(ArrayList.java:1596)
... Removed 29 stack frames]]>
    </failure>
  </testcase> <!-- SubmitOrder -->
  <testcase classname="PragyaLearnings.Tests.SubmitOrderTest2" name="SubmitOrder" time="2.953">
    <failure type="java.lang.AssertionError" message="expected [true] but found [false]">
      <![CDATA[java.lang.AssertionError: expected [true] but found [false]
at PragyaLearnings.Tests.SubmitOrderTest2.SubmitOrder(SubmitOrderTest2.java:46)
at java.base/java.util.ArrayList.forEach(ArrayList.java:1596)
... Removed 29 stack frames]]>
    </failure>
  </testcase> <!-- SubmitOrder -->
  <testcase classname="PragyaLearnings.Tests.SubmitOrderTest2" name="OrderHistoryTest" time="0.001">
    <skipped/>
  </testcase> <!-- OrderHistoryTest -->
</testsuite> <!-- Submit Order Test -->
