<?xml version="1.0" encoding="UTF-8"?>
<!-- Generated by org.testng.reporters.JUnitXMLReporter -->
<testsuite ignored="0" hostname="pdc2-l-f1pbb54" failures="0" tests="3" name="Submit Order Test" time="0.383" errors="0" timestamp="2024-12-23T22:28:21 IST">
  <testcase classname="PragyaLearnings.Tests.SubmitOrderTest2" name="SubmitOrder" time="0.0">
    <skipped/>
  </testcase> <!-- SubmitOrder -->
  <testcase classname="PragyaLearnings.Tests.SubmitOrderTest2" name="SubmitOrder" time="0.0">
    <skipped/>
  </testcase> <!-- SubmitOrder -->
  <testcase classname="PragyaLearnings.Tests.SubmitOrderTest2" name="OrderHistoryTest" time="0.0">
    <skipped/>
  </testcase> <!-- OrderHistoryTest -->
</testsuite> <!-- Submit Order Test -->
