<?xml version="1.0" encoding="UTF-8"?>
<testng-results ignored="0" total="1" passed="1" failed="0" skipped="0">
  <reporter-output>
  </reporter-output>
  <suite started-at="2024-12-25T18:16:32 IST" name="Default suite" finished-at="2024-12-25T18:16:45 IST" duration-ms="12759">
    <groups>
      <group name="cucumber">
        <method signature="AbstractTestNGCucumberTests.runScenario(io.cucumber.testng.PickleWrapper,io.cucumber.testng.FeatureWrapper)[pri:0, instance:Cucumber.TestNGTestRunner@c430e6c]" name="runScenario" class="io.cucumber.testng.AbstractTestNGCucumberTests"/>
      </group> <!-- cucumber -->
    </groups>
    <test started-at="2024-12-25T18:16:32 IST" name="Default test" finished-at="2024-12-25T18:16:45 IST" duration-ms="12759">
      <class name="Cucumber.TestNGTestRunner">
        <test-method is-config="true" signature="setUpClass(org.testng.ITestContext)[pri:0, instance:Cucumber.TestNGTestRunner@c430e6c]" started-at="2024-12-25T18:16:32 IST" name="setUpClass" finished-at="2024-12-25T18:16:33 IST" duration-ms="438" status="PASS">
          <params>
            <param index="0">
              <value>
                <![CDATA[org.testng.TestRunner@70d63e05]]>
              </value>
            </param>
          </params>
          <reporter-output>
          </reporter-output>
        </test-method> <!-- setUpClass -->
        <test-method signature="runScenario(io.cucumber.testng.PickleWrapper,io.cucumber.testng.FeatureWrapper)[pri:0, instance:Cucumber.TestNGTestRunner@c430e6c]" started-at="2024-12-25T18:16:33 IST" name="runScenario" description="Runs Cucumber Scenarios" data-provider="scenarios" finished-at="2024-12-25T18:16:45 IST" duration-ms="12264" status="PASS">
          <params>
            <param index="0">
              <value>
                <![CDATA["Negative Scenario of Login in Ecommerce Website"]]>
              </value>
            </param>
            <param index="1">
              <value>
                <![CDATA["Error Validations"]]>
              </value>
            </param>
          </params>
          <reporter-output>
          </reporter-output>
        </test-method> <!-- runScenario -->
        <test-method is-config="true" signature="tearDownClass()[pri:0, instance:Cucumber.TestNGTestRunner@c430e6c]" started-at="2024-12-25T18:16:45 IST" name="tearDownClass" finished-at="2024-12-25T18:16:45 IST" duration-ms="19" status="PASS">
          <reporter-output>
          </reporter-output>
        </test-method> <!-- tearDownClass -->
      </class> <!-- Cucumber.TestNGTestRunner -->
    </test> <!-- Default test -->
  </suite> <!-- Default suite -->
</testng-results>
